c:\users\max\source\repos\sfera\sfera\debug\vc143.pdb
c:\users\max\source\repos\sfera\sfera\debug\vc143.idb
c:\users\max\source\repos\sfera\sfera\debug\sound_flat_wrappers.obj
c:\users\max\source\repos\sfera\sfera\debug\sfera_link_stubs_phase2.obj
c:\users\max\source\repos\sfera\sfera\debug\sferawindowinputstate.obj
c:\users\max\source\repos\sfera\sfera\debug\sferawindowconfiguration.obj
c:\users\max\source\repos\sfera\sfera\debug\sferastartupoptions.obj
c:\users\max\source\repos\sfera\sfera\debug\sferaentrypoint.obj
c:\users\max\source\repos\sfera\sfera\debug\sferawindow.obj
c:\users\max\source\repos\sfera\sfera\debug\sferaapplicationinstance.obj
c:\users\max\source\repos\sfera\sfera\debug\sferaapplication.obj
c:\users\max\source\repos\sfera\debug\sfera.exe
c:\users\max\source\repos\sfera\debug\sfera.pdb
c:\users\max\source\repos\sfera\sfera\debug\sfera.ilk
c:\users\max\source\repos\sfera\sfera\debug\sphereclient_4.exe.obj
c:\users\max\source\repos\sfera\sfera\debug\sfera.tlog\cl.command.1.tlog
c:\users\max\source\repos\sfera\sfera\debug\sfera.tlog\cl.items.tlog
c:\users\max\source\repos\sfera\sfera\debug\sfera.tlog\cl.read.1.tlog
c:\users\max\source\repos\sfera\sfera\debug\sfera.tlog\cl.write.1.tlog
c:\users\max\source\repos\sfera\sfera\debug\sfera.tlog\link.command.1.tlog
c:\users\max\source\repos\sfera\sfera\debug\sfera.tlog\link.read.1.tlog
c:\users\max\source\repos\sfera\sfera\debug\sfera.tlog\link.secondary.1.tlog
c:\users\max\source\repos\sfera\sfera\debug\sfera.tlog\link.write.1.tlog
