2026-06-18 01:28:45 [info] SferaCoreLoader x64 bootstrap
2026-06-18 01:28:45 [info] executable resource root: E:\work projekts\sfera_client\Binaries\x64\Debug
2026-06-18 01:28:45 [info] Window created: class=SphereWclName, title=Sphere, size=1024x768
2026-06-18 01:28:45 [info] frontend shell created before data bootstrap
2026-06-18 01:28:45 [info] frontend event loop started
2026-06-18 01:28:45 [info] frontend stage: cataloging files, progress=0.050000
2026-06-18 01:28:48 [info] FileSystem cataloged 14095 files under executable directory
2026-06-18 01:28:48 [info] frontend stage: loading configs, progress=0.120000
2026-06-18 01:28:48 [info] loaded cfg: config.cfg
2026-06-18 01:28:48 [info] loaded cfg: connect.cfg
2026-06-18 01:28:48 [info] loaded cfg: connectn.cfg
2026-06-18 01:28:48 [info] loaded cfg: control.cfg
2026-06-18 01:28:48 [info] loaded cfg: fonts.cfg
2026-06-18 01:28:48 [info] loaded cfg: Models/Materials.cfg
2026-06-18 01:28:48 [info] loaded cfg: Landscape/zoning.cfg
2026-06-18 01:28:48 [info] loaded cfg: Landscape/zoningHaron.cfg
2026-06-18 01:28:48 [info] frontend stage: building resource catalog, progress=0.200000
2026-06-18 01:28:48 [info] ResourceLoader cataloged 14095 resources
2026-06-18 01:28:50 [info] UI resource manifest: documents=91, loaded=91, parsed=91, windows=93, controls=258, sprites=1736, texture_slices=2740, texture_names=336
2026-06-18 01:28:50 [info] UI class usage: BUTTON=131
2026-06-18 01:28:50 [info] UI class usage: TEXT=39
2026-06-18 01:28:50 [info] UI class usage: IMAGE=34
2026-06-18 01:28:50 [info] UI class usage: SLOT=13
2026-06-18 01:28:50 [info] UI class usage: EDIT=10
2026-06-18 01:28:50 [info] UI class usage: SCROLL_BAR=10
2026-06-18 01:28:50 [info] UI class usage: TEXTLIST=7
2026-06-18 01:28:50 [info] UI class usage: PROGRESS_BAR=3
2026-06-18 01:28:50 [info] UI class usage: LISTITEM=2
2026-06-18 01:28:50 [info] UI class usage: HYPER_TEXT=2
2026-06-18 01:28:50 [info] UI class usage: HTEDIT=1
2026-06-18 01:28:50 [info] UI class usage: HTCHATLISTCTRL=1
2026-06-18 01:28:50 [info] LoadingScreen resource: effects/loadscreen.ui, kind=UI, loaded=yes, bytes=2592
2026-06-18 01:28:50 [info] LoadingScreen layout: windows=1, controls=5, sprites=6, textures=6
2026-06-18 01:28:50 [info] Connection UI layout: file=Effects/connection.ui, windows=1, controls=11, sprites=23, textures=6
2026-06-18 01:28:50 [info] frontend stage: initializing d3d9, progress=0.320000
2026-06-18 01:28:50 [info] D3D9 device initialized: windowed=1, backbuffer=1024x768
2026-06-18 01:28:50 [info] D3D9 UI texture loader: d3dx9_43.dll
2026-06-18 01:28:50 [info] UI SFNT font loaded: id=2, resource=fnt_sphere0, texture=fnt_sphere0, glyphs=0
2026-06-18 01:28:50 [info] UI SFNT font loaded: id=3, resource=fnt_sphere1, texture=fnt_sphere1, glyphs=0
2026-06-18 01:28:50 [info] UI SFNT font loaded: id=4, resource=fnt_sphere2, texture=fnt_sphere2, glyphs=0
2026-06-18 01:28:50 [info] UI SFNT font loaded: id=5, resource=fnt_sphere3, texture=font, glyphs=0
2026-06-18 01:28:50 [info] UI SFNT font loaded: id=6, resource=fnt_sphere4, texture=font, glyphs=0
2026-06-18 01:28:50 [info] UI SFNT font loaded: id=7, resource=fnt_sphere5, texture=font, glyphs=0
2026-06-18 01:28:50 [info] UI SFNT font loaded: id=8, resource=fnt_sphere6, texture=font, glyphs=0
2026-06-18 01:28:50 [info] UI SFNT font loaded: id=9, resource=fnt_sphere7, texture=font, glyphs=0
2026-06-18 01:28:50 [info] UI SFNT font loaded: id=10, resource=fnt_sphere8, texture=font, glyphs=0
2026-06-18 01:28:50 [info] UI SFNT font loaded: id=11, resource=fnt_sphere9, texture=font, glyphs=0
2026-06-18 01:28:50 [info] UI SFNT font loaded: id=12, resource=fnt_sphere10, texture=font, glyphs=0
2026-06-18 01:28:50 [info] UI SFNT font loaded: id=13, resource=fnt_sphere11, texture=font, glyphs=0
2026-06-18 01:28:50 [info] UI fonts: fonts_cfg=yes, configured_new=12, runtime_fonts=14, sfnt_loaded=12, texture_refs=12
2026-06-18 01:28:50 [info] UI font[0]: resource=fonts/font.txt, gdi=Tahoma, size=8, sfnt=no, texture=<none>
2026-06-18 01:28:50 [info] UI font[1]: resource=fonts/font1.txt, gdi=Tahoma, size=9, sfnt=no, texture=<none>
2026-06-18 01:28:50 [info] UI font[2]: resource=fnt_sphere0, gdi=Tahoma, size=7, sfnt=yes, texture=fnt_sphere0
2026-06-18 01:28:50 [info] UI font[3]: resource=fnt_sphere1, gdi=Tahoma, size=8, sfnt=yes, texture=fnt_sphere1
2026-06-18 01:28:50 [info] UI font[4]: resource=fnt_sphere2, gdi=Tahoma, size=9, sfnt=yes, texture=fnt_sphere2
2026-06-18 01:28:50 [info] UI font[5]: resource=fnt_sphere3, gdi=Arial, size=10, sfnt=yes, texture=font
2026-06-18 01:28:50 [info] UI font[6]: resource=fnt_sphere4, gdi=Calibri, size=10, sfnt=yes, texture=font
2026-06-18 01:28:50 [info] UI font[7]: resource=fnt_sphere5, gdi=Century, size=10, sfnt=yes, texture=font
2026-06-18 01:28:50 [info] UI texture loaded: login_rus_sp -> xadd/login_rus_sp.dds, size=1024x1024
2026-06-18 01:28:50 [info] UI texture loaded: login_rus_s1 -> xadd/login_rus_s1.dds, size=1024x1024
2026-06-18 01:28:50 [info] UI texture loaded: login_eng_sp -> xadd/login_eng_sp.dds, size=1024x1024
2026-06-18 01:28:51 [info] UI texture loaded: login_eng_s1 -> xadd/login_eng_s1.dds, size=1024x1024
2026-06-18 01:28:51 [info] UI texture loaded: black -> textures/black.dds, size=32x32
2026-06-18 01:28:51 [info] UI texture loaded: yellow1 -> xadd/yellow1.dds, size=32x32
2026-06-18 01:28:51 [info] UI texture loaded: i_help -> textures/fx/i_help.dds, size=256x256
2026-06-18 01:28:51 [info] UI texture loaded: i_journal -> textures/fx/i_journal.dds, size=256x256
2026-06-18 01:28:51 [info] UI texture loaded: I_COMP -> textures/fx/i_comp.dds, size=256x256
2026-06-18 01:28:51 [info] UI texture loaded: i_ctrls -> textures/fx/i_ctrls.dds, size=128x128
2026-06-18 01:28:52 [info] UI texture loaded: i_invent -> textures/fx/i_invent.dds, size=256x256
2026-06-18 01:28:52 [info] UI texture loaded: i_trade -> textures/fx/i_trade.dds, size=256x512
2026-06-18 01:28:52 [info] D3D9 UI preload: texture_cache=12
2026-06-18 01:28:52 [info] D3D9 shader resource inventory: vertex=124, pixel=54, samples=8
2026-06-18 01:28:52 [info] D3D9 shader sample[0]: shaders/pixel/00_00_00_00_00.psc
2026-06-18 01:28:52 [info] D3D9 shader sample[1]: shaders/pixel/00_00_00_00_01.psc
2026-06-18 01:28:52 [info] D3D9 shader sample[2]: shaders/pixel/00_00_00_01_00.psc
2026-06-18 01:28:52 [info] D3D9 shader sample[3]: shaders/pixel/00_00_01_00_00.psc
2026-06-18 01:28:52 [info] D3D9 shader sample[4]: shaders/pixel/00_00_01_00_01.psc
2026-06-18 01:28:52 [info] D3D9 shader sample[5]: shaders/pixel/00_00_02_00_00.psc
2026-06-18 01:28:52 [info] D3D9 shader sample[6]: shaders/pixel/00_00_02_00_01.psc
2026-06-18 01:28:52 [info] D3D9 shader sample[7]: shaders/pixel/00_01_00_00_00.psc
2026-06-18 01:28:52 [info] frontend stage: loading game objects and world scene, progress=0.380000
2026-06-18 01:28:56 [info] GameObjects config registry: manifest_matches=231, loaded=231, model_tables=1, entity_param_files=208, group_tables=22, indexed_objects=698
2026-06-18 01:28:56 [info] GameObjects source[0]: kind=models_mdlparam_table, entries=370, fields=1512, objects_delta=367, file=models/mdlparam.txt
2026-06-18 01:28:56 [info] GameObjects source[1]: kind=entity_param_file, entries=40, fields=40, objects_delta=1, file=params/char04.cfg
2026-06-18 01:28:56 [info] GameObjects source[2]: kind=entity_param_file, entries=40, fields=40, objects_delta=1, file=params/char05.cfg
2026-06-18 01:28:56 [info] GameObjects source[3]: kind=entity_param_file, entries=39, fields=39, objects_delta=1, file=params/char101.cfg
2026-06-18 01:28:56 [info] GameObjects source[4]: kind=entity_param_file, entries=40, fields=40, objects_delta=1, file=params/char13.cfg
2026-06-18 01:28:56 [info] GameObjects source[5]: kind=entity_param_file, entries=40, fields=40, objects_delta=1, file=params/char17.cfg
2026-06-18 01:28:56 [info] GameObjects source[6]: kind=entity_param_file, entries=40, fields=40, objects_delta=1, file=params/char19.cfg
2026-06-18 01:28:56 [info] GameObjects source[7]: kind=entity_param_file, entries=40, fields=40, objects_delta=1, file=params/char22.cfg
2026-06-18 01:28:56 [info] GameObjects source[8]: kind=entity_param_file, entries=40, fields=40, objects_delta=1, file=params/char23.cfg
2026-06-18 01:28:56 [info] GameObjects source[9]: kind=entity_param_file, entries=40, fields=40, objects_delta=1, file=params/char26.cfg
2026-06-18 01:28:56 [info] GameObjects source[10]: kind=entity_param_file, entries=40, fields=40, objects_delta=1, file=params/char27.cfg
2026-06-18 01:28:56 [info] GameObjects source[11]: kind=entity_param_file, entries=40, fields=40, objects_delta=1, file=params/char32.cfg
2026-06-18 01:28:56 [info] GameObjects source log suppressed: 219 additional registry documents
2026-06-18 01:28:56 [info] GameObjects initialized: params=698, live_objects=0
2026-06-18 01:29:05 [info] WorldScene cataloged landscape resources: 3590, terrain_size_records=278, microtextures=18, coord_index=234
2026-06-18 01:29:05 [info] WorldScene contours loaded: records=440, invalid=0, record_size=0x418
2026-06-18 01:29:05 [info] WorldScene map grid loaded: cells=6400, present=6400, resolved=6400, terrain_resolved=6400, fallback_resolved=0, missing_tile_refs=0, unique_tiles=270, cell_stride=0x16
2026-06-18 01:29:05 [info] WorldScene grass maps loaded: 256, tile_bytes=0x10000
2026-06-18 01:29:05 [info] WorldScene snow path loaded: bytes=8368, candidate_points=1046
2026-06-18 01:29:05 [info] WorldScene runtime binaries: contours=440, map_cells=6400, grass_maps=256, snow_points=1046
2026-06-18 01:29:05 [info] WorldScene text profiles: weather=372, sky=235
2026-06-18 01:29:06 [info] WorldScene zoning parsed: Landscape/zoning.cfg, entries=106, scopes=27, zone_fields=102, zones=3, container_decls=4, warnings=0
2026-06-18 01:29:06 [info] WorldScene zoning scope[0]: zonesParams[0]
2026-06-18 01:29:06 [info] WorldScene zoning scope[1]: zonesParams[0].dayColors[0]
2026-06-18 01:29:06 [info] WorldScene zoning scope[2]: zonesParams[0].dayColors[1]
2026-06-18 01:29:06 [info] WorldScene zoning scope[3]: zonesParams[0].dayColors[2]
2026-06-18 01:29:06 [info] WorldScene zoning note[0]: container declaration; opens array/scope and carries no runtime value: line=1, scope=<root>, key=zonesParams, type=<as>, value=<empty>, raw="zonesParams<as>="
2026-06-18 01:29:06 [info] WorldScene zoning note[1]: container declaration; opens array/scope and carries no runtime value: line=13, scope=zonesParams[0], key=dayColors, type=<as>, value=<empty>, raw="dayColors<as>="
2026-06-18 01:29:06 [info] WorldScene zoning note[2]: container declaration; opens array/scope and carries no runtime value: line=66, scope=zonesParams[1], key=dayColors, type=<as>, value=<empty>, raw="dayColors<as>="
2026-06-18 01:29:06 [info] WorldScene zoning note[3]: container declaration; opens array/scope and carries no runtime value: line=123, scope=zonesParams[2], key=dayColors, type=<as>, value=<empty>, raw="dayColors<as>="
2026-06-18 01:29:06 [info] WorldScene zoning zone[0]: index=0, scope=zonesParams[0], fields=34, bounds=valid
2026-06-18 01:29:06 [info] WorldScene zoning zone[1]: index=1, scope=zonesParams[1], fields=34, bounds=valid
2026-06-18 01:29:06 [info] WorldScene zoning parsed: Landscape/zoningHaron.cfg, entries=71, scopes=18, zone_fields=68, zones=2, container_decls=3, warnings=0
2026-06-18 01:29:06 [info] WorldScene zoning scope[0]: zonesParams[0]
2026-06-18 01:29:06 [info] WorldScene zoning scope[1]: zonesParams[0].dayColors[0]
2026-06-18 01:29:06 [info] WorldScene zoning scope[2]: zonesParams[0].dayColors[1]
2026-06-18 01:29:06 [info] WorldScene zoning scope[3]: zonesParams[0].dayColors[2]
2026-06-18 01:29:06 [info] WorldScene zoning note[0]: container declaration; opens array/scope and carries no runtime value: line=1, scope=<root>, key=zonesParams, type=<as>, value=<empty>, raw="zonesParams<as>="
2026-06-18 01:29:06 [info] WorldScene zoning note[1]: container declaration; opens array/scope and carries no runtime value: line=13, scope=zonesParams[0], key=dayColors, type=<as>, value=<empty>, raw="dayColors<as>="
2026-06-18 01:29:06 [info] WorldScene zoning note[2]: container declaration; opens array/scope and carries no runtime value: line=66, scope=zonesParams[1], key=dayColors, type=<as>, value=<empty>, raw="dayColors<as>="
2026-06-18 01:29:06 [info] WorldScene zoning zone[0]: index=0, scope=zonesParams[0], fields=34, bounds=valid
2026-06-18 01:29:06 [info] WorldScene zoning zone[1]: index=1, scope=zonesParams[1], fields=34, bounds=valid
2026-06-18 01:29:06 [info] WorldScene zoning loaded: documents=2, zones=5
2026-06-18 01:29:06 [info] WorldScene asm self-test: map_shape=ok, map_refs=ok, contours_stride=ok, grass_tile_size=ok, terrain_catalog=278, microtexture_catalog=18, map00=FILL_EMPT
2026-06-18 01:29:06 [info] WorldScene bootstrap: landscape_resources=3590, zones=5, contours=440, map_present=6400, grass=256, snow_points=1046, weather_lines=372, sky_lines=235
2026-06-18 01:29:06 [info] frontend stage: registering script natives, progress=0.520000
2026-06-18 01:29:06 [info] frontend stage: loading script modules, progress=0.600000
2026-06-18 01:29:06 [info] MBC candidates: 366
2026-06-18 01:29:06 [info] MBC parsed modules: 366, failed=0
2026-06-18 01:29:06 [info] MBC loaded: mbc/al_flower.mbc, programs=100, functions=110, strings=148, first_ops=1, header=MBL script v4.0; code=20144, data=5300, programs=100, functions=110
2026-06-18 01:29:06 [info] MBC loaded: mbc/al_metal.mbc, programs=100, functions=110, strings=147, first_ops=1, header=MBL script v4.0; code=20144, data=5300, programs=100, functions=110
2026-06-18 01:29:06 [info] MBC loaded: mbc/al_mineral.mbc, programs=100, functions=110, strings=148, first_ops=1, header=MBL script v4.0; code=20144, data=5300, programs=100, functions=110
2026-06-18 01:29:06 [info] MBC loaded: mbc/ar_amulet.mbc, programs=95, functions=106, strings=147, first_ops=1, header=MBL script v4.0; code=21407, data=5624, programs=95, functions=106
2026-06-18 01:29:06 [info] MBC loaded: mbc/ar_amuletf.mbc, programs=95, functions=106, strings=147, first_ops=1, header=MBL script v4.0; code=21407, data=5624, programs=95, functions=106
2026-06-18 01:29:06 [info] MBC loaded: mbc/ar_amuletu.mbc, programs=95, functions=106, strings=147, first_ops=1, header=MBL script v4.0; code=21407, data=5624, programs=95, functions=106
2026-06-18 01:29:06 [info] MBC loaded: mbc/ar_amulet_refr.mbc, programs=95, functions=106, strings=147, first_ops=1, header=MBL script v4.0; code=21407, data=5624, programs=95, functions=106
2026-06-18 01:29:06 [info] MBC loaded: mbc/ar_armor.mbc, programs=95, functions=106, strings=146, first_ops=1, header=MBL script v4.0; code=21407, data=5624, programs=95, functions=106
2026-06-18 01:29:06 [info] frontend stage: linking script runtime, progress=0.680000
2026-06-18 01:36:38 [info] SferaCoreLoader x64 bootstrap
2026-06-18 01:36:38 [info] executable resource root: E:\work projekts\sfera_client\Binaries\x64\Debug
2026-06-18 01:36:38 [info] Window created: class=SphereWclName, title=Sphere, size=1024x768
2026-06-18 01:36:38 [info] frontend shell created before data bootstrap
2026-06-18 01:36:38 [info] frontend event loop started
2026-06-18 01:36:38 [info] frontend stage: cataloging files, progress=0.050000
2026-06-18 01:36:41 [info] FileSystem cataloged 14095 files under executable directory
2026-06-18 01:36:41 [info] frontend stage: loading configs, progress=0.120000
2026-06-18 01:36:41 [info] loaded cfg: config.cfg
2026-06-18 01:36:41 [info] loaded cfg: connect.cfg
2026-06-18 01:36:41 [info] loaded cfg: connectn.cfg
2026-06-18 01:36:41 [info] loaded cfg: control.cfg
2026-06-18 01:36:41 [info] loaded cfg: fonts.cfg
2026-06-18 01:36:41 [info] loaded cfg: Models/Materials.cfg
2026-06-18 01:36:41 [info] loaded cfg: Landscape/zoning.cfg
2026-06-18 01:36:41 [info] loaded cfg: Landscape/zoningHaron.cfg
2026-06-18 01:36:41 [info] frontend stage: building resource catalog, progress=0.200000
2026-06-18 01:36:41 [info] ResourceLoader cataloged 14095 resources
2026-06-18 01:36:43 [info] UI resource manifest: documents=91, loaded=91, parsed=91, windows=93, controls=258, sprites=1736, texture_slices=2740, texture_names=336
2026-06-18 01:36:43 [info] UI class usage: BUTTON=131
2026-06-18 01:36:43 [info] UI class usage: TEXT=39
2026-06-18 01:36:43 [info] UI class usage: IMAGE=34
2026-06-18 01:36:43 [info] UI class usage: SLOT=13
2026-06-18 01:36:43 [info] UI class usage: EDIT=10
2026-06-18 01:36:43 [info] UI class usage: SCROLL_BAR=10
2026-06-18 01:36:43 [info] UI class usage: TEXTLIST=7
2026-06-18 01:36:43 [info] UI class usage: PROGRESS_BAR=3
2026-06-18 01:36:43 [info] UI class usage: LISTITEM=2
2026-06-18 01:36:43 [info] UI class usage: HYPER_TEXT=2
2026-06-18 01:36:43 [info] UI class usage: HTEDIT=1
2026-06-18 01:36:43 [info] UI class usage: HTCHATLISTCTRL=1
2026-06-18 01:36:43 [info] LoadingScreen resource: effects/loadscreen.ui, kind=UI, loaded=yes, bytes=2592
2026-06-18 01:36:43 [info] LoadingScreen layout: windows=1, controls=5, sprites=6, textures=6
2026-06-18 01:36:43 [info] Connection UI layout: file=Effects/connection.ui, windows=1, controls=11, sprites=23, textures=6
2026-06-18 01:36:43 [info] frontend stage: initializing d3d9, progress=0.320000
2026-06-18 01:36:43 [info] D3D9 device initialized: windowed=1, backbuffer=1024x768
2026-06-18 01:36:43 [info] D3D9 UI texture loader: d3dx9_43.dll
2026-06-18 01:36:43 [info] UI SFNT font loaded: id=2, resource=fnt_sphere0, texture=fnt_sphere0, glyphs=224, line_height=11, baseline=9
2026-06-18 01:36:43 [info] UI SFNT font loaded: id=3, resource=fnt_sphere1, texture=fnt_sphere1, glyphs=211, line_height=18, baseline=13
2026-06-18 01:36:43 [info] UI SFNT font loaded: id=4, resource=fnt_sphere2, texture=fnt_sphere2, glyphs=224, line_height=15, baseline=12
2026-06-18 01:36:43 [info] UI SFNT font loaded: id=5, resource=fnt_sphere3, texture=font, glyphs=224, line_height=16, baseline=13
2026-06-18 01:36:43 [info] UI SFNT font loaded: id=6, resource=fnt_sphere4, texture=font, glyphs=224, line_height=16, baseline=12
2026-06-18 01:36:43 [info] UI SFNT font loaded: id=7, resource=fnt_sphere5, texture=font, glyphs=224, line_height=16, baseline=13
2026-06-18 01:36:43 [info] UI SFNT font loaded: id=8, resource=fnt_sphere6, texture=font, glyphs=224, line_height=16, baseline=13
2026-06-18 01:36:43 [info] UI SFNT font loaded: id=9, resource=fnt_sphere7, texture=font, glyphs=224, line_height=16, baseline=12
2026-06-18 01:36:43 [info] UI SFNT font loaded: id=10, resource=fnt_sphere8, texture=font, glyphs=224, line_height=16, baseline=13
2026-06-18 01:36:43 [info] UI SFNT font loaded: id=11, resource=fnt_sphere9, texture=font, glyphs=224, line_height=16, baseline=13
2026-06-18 01:36:43 [info] UI SFNT font loaded: id=12, resource=fnt_sphere10, texture=font, glyphs=224, line_height=16, baseline=13
2026-06-18 01:36:43 [info] UI SFNT font loaded: id=13, resource=fnt_sphere11, texture=font, glyphs=224, line_height=16, baseline=13
2026-06-18 01:36:43 [info] UI fonts: fonts_cfg=yes, configured_new=12, runtime_fonts=14, sfnt_loaded=12, texture_refs=12
2026-06-18 01:36:43 [info] UI font[0]: resource=fonts/font.txt, gdi=Tahoma, size=8, sfnt=no, texture=<none>
2026-06-18 01:36:43 [info] UI font[1]: resource=fonts/font1.txt, gdi=Tahoma, size=9, sfnt=no, texture=<none>
2026-06-18 01:36:43 [info] UI font[2]: resource=fnt_sphere0, gdi=Tahoma, size=7, sfnt=yes, texture=fnt_sphere0
2026-06-18 01:36:43 [info] UI font[3]: resource=fnt_sphere1, gdi=Tahoma, size=8, sfnt=yes, texture=fnt_sphere1
2026-06-18 01:36:43 [info] UI font[4]: resource=fnt_sphere2, gdi=Tahoma, size=9, sfnt=yes, texture=fnt_sphere2
2026-06-18 01:36:43 [info] UI font[5]: resource=fnt_sphere3, gdi=Arial, size=10, sfnt=yes, texture=font
2026-06-18 01:36:43 [info] UI font[6]: resource=fnt_sphere4, gdi=Calibri, size=10, sfnt=yes, texture=font
2026-06-18 01:36:43 [info] UI font[7]: resource=fnt_sphere5, gdi=Century, size=10, sfnt=yes, texture=font
2026-06-18 01:36:43 [info] UI texture loaded: fnt_sphere0 -> xadd/fnt_sphere0.dds, size=256x256
2026-06-18 01:36:43 [info] UI texture loaded: fnt_sphere1 -> xadd/fnt_sphere1.dds, size=256x256
2026-06-18 01:36:43 [info] UI texture loaded: fnt_sphere2 -> xadd/fnt_sphere2.dds, size=256x256
2026-06-18 01:36:44 [warning] UI texture not found: font
2026-06-18 01:36:44 [info] D3D9 UI bitmap font textures connected: 3
2026-06-18 01:36:44 [info] UI texture loaded: login_rus_sp -> xadd/login_rus_sp.dds, size=1024x1024
2026-06-18 01:36:44 [info] UI texture loaded: login_rus_s1 -> xadd/login_rus_s1.dds, size=1024x1024
2026-06-18 01:36:44 [info] UI texture loaded: login_eng_sp -> xadd/login_eng_sp.dds, size=1024x1024
2026-06-18 01:36:44 [info] UI texture loaded: login_eng_s1 -> xadd/login_eng_s1.dds, size=1024x1024
2026-06-18 01:36:44 [info] UI texture loaded: black -> textures/black.dds, size=32x32
2026-06-18 01:36:44 [info] UI texture loaded: yellow1 -> xadd/yellow1.dds, size=32x32
2026-06-18 01:36:45 [info] UI texture loaded: i_help -> textures/fx/i_help.dds, size=256x256
2026-06-18 01:36:45 [info] UI texture loaded: i_journal -> textures/fx/i_journal.dds, size=256x256
2026-06-18 01:36:45 [info] UI texture loaded: I_COMP -> textures/fx/i_comp.dds, size=256x256
2026-06-18 01:36:45 [info] UI texture loaded: i_ctrls -> textures/fx/i_ctrls.dds, size=128x128
2026-06-18 01:36:45 [info] UI texture loaded: i_invent -> textures/fx/i_invent.dds, size=256x256
2026-06-18 01:36:45 [info] UI texture loaded: i_trade -> textures/fx/i_trade.dds, size=256x512
2026-06-18 01:36:45 [info] D3D9 UI preload: texture_cache=16
2026-06-18 01:36:45 [info] D3D9 shader resource inventory: vertex=124, pixel=54, samples=8
2026-06-18 01:36:45 [info] D3D9 shader sample[0]: shaders/pixel/00_00_00_00_00.psc
2026-06-18 01:36:45 [info] D3D9 shader sample[1]: shaders/pixel/00_00_00_00_01.psc
2026-06-18 01:36:45 [info] D3D9 shader sample[2]: shaders/pixel/00_00_00_01_00.psc
2026-06-18 01:36:45 [info] D3D9 shader sample[3]: shaders/pixel/00_00_01_00_00.psc
2026-06-18 01:36:45 [info] D3D9 shader sample[4]: shaders/pixel/00_00_01_00_01.psc
2026-06-18 01:36:45 [info] D3D9 shader sample[5]: shaders/pixel/00_00_02_00_00.psc
2026-06-18 01:36:45 [info] D3D9 shader sample[6]: shaders/pixel/00_00_02_00_01.psc
2026-06-18 01:36:45 [info] D3D9 shader sample[7]: shaders/pixel/00_01_00_00_00.psc
2026-06-18 01:36:45 [info] frontend stage: loading game objects and world scene, progress=0.380000
2026-06-18 01:36:50 [info] GameObjects config registry: manifest_matches=231, loaded=231, model_tables=1, entity_param_files=208, group_tables=22, indexed_objects=698
2026-06-18 01:36:50 [info] GameObjects source[0]: kind=models_mdlparam_table, entries=370, fields=1512, objects_delta=367, file=models/mdlparam.txt
2026-06-18 01:36:50 [info] GameObjects source[1]: kind=entity_param_file, entries=40, fields=40, objects_delta=1, file=params/char04.cfg
2026-06-18 01:36:50 [info] GameObjects source[2]: kind=entity_param_file, entries=40, fields=40, objects_delta=1, file=params/char05.cfg
2026-06-18 01:36:50 [info] GameObjects source[3]: kind=entity_param_file, entries=39, fields=39, objects_delta=1, file=params/char101.cfg
2026-06-18 01:36:50 [info] GameObjects source[4]: kind=entity_param_file, entries=40, fields=40, objects_delta=1, file=params/char13.cfg
2026-06-18 01:36:50 [info] GameObjects source[5]: kind=entity_param_file, entries=40, fields=40, objects_delta=1, file=params/char17.cfg
2026-06-18 01:36:50 [info] GameObjects source[6]: kind=entity_param_file, entries=40, fields=40, objects_delta=1, file=params/char19.cfg
2026-06-18 01:36:50 [info] GameObjects source[7]: kind=entity_param_file, entries=40, fields=40, objects_delta=1, file=params/char22.cfg
2026-06-18 01:36:50 [info] GameObjects source[8]: kind=entity_param_file, entries=40, fields=40, objects_delta=1, file=params/char23.cfg
2026-06-18 01:36:50 [info] GameObjects source[9]: kind=entity_param_file, entries=40, fields=40, objects_delta=1, file=params/char26.cfg
2026-06-18 01:36:50 [info] GameObjects source[10]: kind=entity_param_file, entries=40, fields=40, objects_delta=1, file=params/char27.cfg
2026-06-18 01:36:50 [info] GameObjects source[11]: kind=entity_param_file, entries=40, fields=40, objects_delta=1, file=params/char32.cfg
2026-06-18 01:36:50 [info] GameObjects source log suppressed: 219 additional registry documents
2026-06-18 01:36:50 [info] GameObjects initialized: params=698, live_objects=0
2026-06-18 01:36:58 [info] WorldScene cataloged landscape resources: 3590, terrain_size_records=278, microtextures=18, coord_index=234
2026-06-18 01:36:58 [info] WorldScene contours loaded: records=440, invalid=0, record_size=0x418
2026-06-18 01:36:58 [info] WorldScene map grid loaded: cells=6400, present=6400, resolved=6400, terrain_resolved=6400, fallback_resolved=0, missing_tile_refs=0, unique_tiles=270, cell_stride=0x16
2026-06-18 01:36:58 [info] WorldScene grass maps loaded: 256, tile_bytes=0x10000
2026-06-18 01:36:58 [info] WorldScene snow path loaded: bytes=8368, candidate_points=1046
2026-06-18 01:36:58 [info] WorldScene runtime binaries: contours=440, map_cells=6400, grass_maps=256, snow_points=1046
2026-06-18 01:36:58 [info] WorldScene text profiles: weather=372, sky=235
2026-06-18 01:36:58 [info] WorldScene zoning parsed: Landscape/zoning.cfg, entries=106, scopes=27, zone_fields=102, zones=3, container_decls=4, warnings=0
2026-06-18 01:36:58 [info] WorldScene zoning scope[0]: zonesParams[0]
2026-06-18 01:36:58 [info] WorldScene zoning scope[1]: zonesParams[0].dayColors[0]
2026-06-18 01:36:58 [info] WorldScene zoning scope[2]: zonesParams[0].dayColors[1]
2026-06-18 01:36:58 [info] WorldScene zoning scope[3]: zonesParams[0].dayColors[2]
2026-06-18 01:36:58 [info] WorldScene zoning note[0]: container declaration; opens array/scope and carries no runtime value: line=1, scope=<root>, key=zonesParams, type=<as>, value=<empty>, raw="zonesParams<as>="
2026-06-18 01:36:58 [info] WorldScene zoning note[1]: container declaration; opens array/scope and carries no runtime value: line=13, scope=zonesParams[0], key=dayColors, type=<as>, value=<empty>, raw="dayColors<as>="
2026-06-18 01:36:58 [info] WorldScene zoning note[2]: container declaration; opens array/scope and carries no runtime value: line=66, scope=zonesParams[1], key=dayColors, type=<as>, value=<empty>, raw="dayColors<as>="
2026-06-18 01:36:58 [info] WorldScene zoning note[3]: container declaration; opens array/scope and carries no runtime value: line=123, scope=zonesParams[2], key=dayColors, type=<as>, value=<empty>, raw="dayColors<as>="
2026-06-18 01:36:58 [info] WorldScene zoning zone[0]: index=0, scope=zonesParams[0], fields=34, bounds=valid
2026-06-18 01:36:58 [info] WorldScene zoning zone[1]: index=1, scope=zonesParams[1], fields=34, bounds=valid
2026-06-18 01:36:58 [info] WorldScene zoning parsed: Landscape/zoningHaron.cfg, entries=71, scopes=18, zone_fields=68, zones=2, container_decls=3, warnings=0
2026-06-18 01:36:58 [info] WorldScene zoning scope[0]: zonesParams[0]
2026-06-18 01:36:58 [info] WorldScene zoning scope[1]: zonesParams[0].dayColors[0]
2026-06-18 01:36:58 [info] WorldScene zoning scope[2]: zonesParams[0].dayColors[1]
2026-06-18 01:36:58 [info] WorldScene zoning scope[3]: zonesParams[0].dayColors[2]
2026-06-18 01:36:58 [info] WorldScene zoning note[0]: container declaration; opens array/scope and carries no runtime value: line=1, scope=<root>, key=zonesParams, type=<as>, value=<empty>, raw="zonesParams<as>="
2026-06-18 01:36:58 [info] WorldScene zoning note[1]: container declaration; opens array/scope and carries no runtime value: line=13, scope=zonesParams[0], key=dayColors, type=<as>, value=<empty>, raw="dayColors<as>="
2026-06-18 01:36:58 [info] WorldScene zoning note[2]: container declaration; opens array/scope and carries no runtime value: line=66, scope=zonesParams[1], key=dayColors, type=<as>, value=<empty>, raw="dayColors<as>="
2026-06-18 01:36:58 [info] WorldScene zoning zone[0]: index=0, scope=zonesParams[0], fields=34, bounds=valid
2026-06-18 01:36:58 [info] WorldScene zoning zone[1]: index=1, scope=zonesParams[1], fields=34, bounds=valid
2026-06-18 01:36:58 [info] WorldScene zoning loaded: documents=2, zones=5
2026-06-18 01:36:58 [info] WorldScene asm self-test: map_shape=ok, map_refs=ok, contours_stride=ok, grass_tile_size=ok, terrain_catalog=278, microtexture_catalog=18, map00=FILL_EMPT
2026-06-18 01:36:58 [info] WorldScene bootstrap: landscape_resources=3590, zones=5, contours=440, map_present=6400, grass=256, snow_points=1046, weather_lines=372, sky_lines=235
2026-06-18 01:36:58 [info] frontend stage: registering script natives, progress=0.520000
2026-06-18 01:36:58 [info] frontend stage: loading script modules, progress=0.600000
2026-06-18 01:36:58 [info] MBC candidates: 366
2026-06-18 01:36:59 [info] MBC parsed modules: 366, failed=0
2026-06-18 01:36:59 [info] MBC loaded: mbc/al_flower.mbc, programs=100, functions=110, strings=148, first_ops=1, header=MBL script v4.0; code=20144, data=5300, programs=100, functions=110
2026-06-18 01:36:59 [info] MBC loaded: mbc/al_metal.mbc, programs=100, functions=110, strings=147, first_ops=1, header=MBL script v4.0; code=20144, data=5300, programs=100, functions=110
2026-06-18 01:36:59 [info] MBC loaded: mbc/al_mineral.mbc, programs=100, functions=110, strings=148, first_ops=1, header=MBL script v4.0; code=20144, data=5300, programs=100, functions=110
2026-06-18 01:36:59 [info] MBC loaded: mbc/ar_amulet.mbc, programs=95, functions=106, strings=147, first_ops=1, header=MBL script v4.0; code=21407, data=5624, programs=95, functions=106
2026-06-18 01:36:59 [info] MBC loaded: mbc/ar_amuletf.mbc, programs=95, functions=106, strings=147, first_ops=1, header=MBL script v4.0; code=21407, data=5624, programs=95, functions=106
2026-06-18 01:36:59 [info] MBC loaded: mbc/ar_amuletu.mbc, programs=95, functions=106, strings=147, first_ops=1, header=MBL script v4.0; code=21407, data=5624, programs=95, functions=106
2026-06-18 01:36:59 [info] MBC loaded: mbc/ar_amulet_refr.mbc, programs=95, functions=106, strings=147, first_ops=1, header=MBL script v4.0; code=21407, data=5624, programs=95, functions=106
2026-06-18 01:36:59 [info] MBC loaded: mbc/ar_armor.mbc, programs=95, functions=106, strings=146, first_ops=1, header=MBL script v4.0; code=21407, data=5624, programs=95, functions=106
2026-06-18 01:36:59 [info] frontend stage: linking script runtime, progress=0.680000
2026-06-18 01:37:01 [info] MBC project linked: modules=366, programs=29529, functions=32946, imports=8505
2026-06-18 01:37:01 [info] MBC runtime links: script_patches=6060, engine_natives=16, unresolved_imports=0
2026-06-18 01:37:01 [info] MBC link patch: al_flower.isInvisible -> mg_corn.isInvisible, rel32=16379
2026-06-18 01:37:01 [info] MBC link patch: al_flower.InitChar -> _char.InitChar, rel32=9389
2026-06-18 01:37:01 [info] MBC link patch: al_flower.InitCharPC -> _char.InitCharPC, rel32=9155
2026-06-18 01:37:01 [info] MBC link patch: al_flower.InitCharOwn -> _char.InitCharOwn, rel32=8904
2026-06-18 01:37:01 [info] MBC link patch: al_flower.Anim -> _char.Anim, rel32=9728
2026-06-18 01:37:01 [info] MBC link patch: al_flower.PlaySnd -> _char.PlaySnd, rel32=10490
2026-06-18 01:37:01 [info] MBC runtime initialized: opcode_table=70, builtin_table=164, native_registry=40
2026-06-18 01:37:01 [info] network endpoint recovered from cfg: 127.0.0.1:25860
2026-06-18 01:37:01 [info] ClientSession stage: endpoint_resolved - 127.0.0.1:25860
2026-06-18 01:37:01 [info] frontend stage: connecting to 127.0.0.1:25860, progress=0.720000
2026-06-18 01:37:01 [info] ClientSession stage: connecting - 127.0.0.1:25860
2026-06-18 01:37:02 [info] ClientSession stage: failed - connect timeout
2026-06-18 01:37:02 [info] frontend stage: waiting for server/menu transition, progress=0.780000
2026-06-18 01:37:44 [info] frontend event loop finished
2026-06-18 01:37:44 [info] core-loader finished bootstrap
2026-06-18 01:37:44 [info] ClientSession stage: closed - socket closed
2026-06-18 01:45:22 [info] SferaCoreLoader x64 bootstrap
2026-06-18 01:45:22 [info] executable resource root: E:\work projekts\sfera_client\Binaries\x64\Debug
2026-06-18 01:45:22 [info] Window created: class=SphereWclName, title=Sphere, size=1024x768
2026-06-18 01:45:22 [info] frontend shell created before data bootstrap
2026-06-18 01:45:22 [info] frontend event loop started
2026-06-18 01:45:22 [info] frontend stage: cataloging files, progress=0.050000
2026-06-18 01:45:25 [info] FileSystem cataloged 14095 files under executable directory
2026-06-18 01:45:25 [info] frontend stage: loading configs, progress=0.120000
2026-06-18 01:45:25 [info] loaded cfg: config.cfg
2026-06-18 01:45:25 [info] loaded cfg: connect.cfg
2026-06-18 01:45:25 [info] loaded cfg: connectn.cfg
2026-06-18 01:45:25 [info] loaded cfg: control.cfg
2026-06-18 01:45:25 [info] loaded cfg: fonts.cfg
2026-06-18 01:45:25 [info] loaded cfg: Models/Materials.cfg
2026-06-18 01:45:25 [info] loaded cfg: Landscape/zoning.cfg
2026-06-18 01:45:25 [info] loaded cfg: Landscape/zoningHaron.cfg
2026-06-18 01:45:25 [info] frontend stage: building resource catalog, progress=0.200000
2026-06-18 01:45:25 [info] ResourceLoader cataloged 14095 resources
2026-06-18 01:45:26 [info] UI resource manifest: documents=91, loaded=91, parsed=91, windows=93, controls=258, sprites=1736, texture_slices=2740, texture_names=336
2026-06-18 01:45:26 [info] UI class usage: BUTTON=131
2026-06-18 01:45:26 [info] UI class usage: TEXT=39
2026-06-18 01:45:26 [info] UI class usage: IMAGE=34
2026-06-18 01:45:26 [info] UI class usage: SLOT=13
2026-06-18 01:45:26 [info] UI class usage: EDIT=10
2026-06-18 01:45:26 [info] UI class usage: SCROLL_BAR=10
2026-06-18 01:45:26 [info] UI class usage: TEXTLIST=7
2026-06-18 01:45:26 [info] UI class usage: PROGRESS_BAR=3
2026-06-18 01:45:26 [info] UI class usage: LISTITEM=2
2026-06-18 01:45:26 [info] UI class usage: HYPER_TEXT=2
2026-06-18 01:45:26 [info] UI class usage: HTEDIT=1
2026-06-18 01:45:26 [info] UI class usage: HTCHATLISTCTRL=1
2026-06-18 01:45:26 [info] LoadingScreen resource: effects/loadscreen.ui, kind=UI, loaded=yes, bytes=2592
2026-06-18 01:45:26 [info] LoadingScreen layout: windows=1, controls=5, sprites=6, textures=6
2026-06-18 01:45:26 [info] Connection UI layout: file=Effects/connection.ui, windows=1, controls=11, sprites=23, textures=6
2026-06-18 01:45:26 [info] frontend stage: initializing d3d9, progress=0.320000
2026-06-18 01:45:27 [info] D3D9 device initialized: windowed=1, backbuffer=1024x768
2026-06-18 01:45:27 [info] D3D9 UI texture loader: d3dx9_43.dll
2026-06-18 01:45:27 [info] UI SFNT font loaded: id=2, resource=fnt_sphere0, texture=fnt_sphere0, glyphs=224, line_height=11, baseline=9
2026-06-18 01:45:27 [info] UI SFNT font loaded: id=3, resource=fnt_sphere1, texture=fnt_sphere1, glyphs=211, line_height=18, baseline=13
2026-06-18 01:45:27 [info] UI SFNT font loaded: id=4, resource=fnt_sphere2, texture=fnt_sphere2, glyphs=224, line_height=15, baseline=12
2026-06-18 01:45:27 [info] UI SFNT font loaded: id=5, resource=fnt_sphere3, texture=font, glyphs=224, line_height=16, baseline=13
2026-06-18 01:45:27 [info] UI SFNT font loaded: id=6, resource=fnt_sphere4, texture=font, glyphs=224, line_height=16, baseline=12
2026-06-18 01:45:27 [info] UI SFNT font loaded: id=7, resource=fnt_sphere5, texture=font, glyphs=224, line_height=16, baseline=13
2026-06-18 01:45:27 [info] UI SFNT font loaded: id=8, resource=fnt_sphere6, texture=font, glyphs=224, line_height=16, baseline=13
2026-06-18 01:45:27 [info] UI SFNT font loaded: id=9, resource=fnt_sphere7, texture=font, glyphs=224, line_height=16, baseline=12
2026-06-18 01:45:27 [info] UI SFNT font loaded: id=10, resource=fnt_sphere8, texture=font, glyphs=224, line_height=16, baseline=13
2026-06-18 01:45:27 [info] UI SFNT font loaded: id=11, resource=fnt_sphere9, texture=font, glyphs=224, line_height=16, baseline=13
2026-06-18 01:45:27 [info] UI SFNT font loaded: id=12, resource=fnt_sphere10, texture=font, glyphs=224, line_height=16, baseline=13
2026-06-18 01:45:27 [info] UI SFNT font loaded: id=13, resource=fnt_sphere11, texture=font, glyphs=224, line_height=16, baseline=13
2026-06-18 01:45:27 [info] UI fonts: fonts_cfg=yes, configured_new=12, runtime_fonts=14, sfnt_loaded=12, texture_refs=12
2026-06-18 01:45:27 [info] UI font[0]: resource=fonts/font.txt, gdi=Tahoma, size=8, sfnt=no, texture=<none>
2026-06-18 01:45:27 [info] UI font[1]: resource=fonts/font1.txt, gdi=Tahoma, size=9, sfnt=no, texture=<none>
2026-06-18 01:45:27 [info] UI font[2]: resource=fnt_sphere0, gdi=Tahoma, size=7, sfnt=yes, texture=fnt_sphere0
2026-06-18 01:45:27 [info] UI font[3]: resource=fnt_sphere1, gdi=Tahoma, size=8, sfnt=yes, texture=fnt_sphere1
2026-06-18 01:45:27 [info] UI font[4]: resource=fnt_sphere2, gdi=Tahoma, size=9, sfnt=yes, texture=fnt_sphere2
2026-06-18 01:45:27 [info] UI font[5]: resource=fnt_sphere3, gdi=Arial, size=10, sfnt=yes, texture=font
2026-06-18 01:45:27 [info] UI font[6]: resource=fnt_sphere4, gdi=Calibri, size=10, sfnt=yes, texture=font
2026-06-18 01:45:27 [info] UI font[7]: resource=fnt_sphere5, gdi=Century, size=10, sfnt=yes, texture=font
2026-06-18 01:45:27 [info] UI texture loaded: fnt_sphere0 -> xadd/fnt_sphere0.dds, size=256x256
2026-06-18 01:45:27 [info] UI texture loaded: fnt_sphere1 -> xadd/fnt_sphere1.dds, size=256x256
2026-06-18 01:45:27 [info] UI texture loaded: fnt_sphere2 -> xadd/fnt_sphere2.dds, size=256x256
2026-06-18 01:45:27 [warning] UI texture not found: font
2026-06-18 01:45:27 [info] D3D9 UI bitmap font textures connected: 3
2026-06-18 01:45:27 [info] UI texture loaded: login_rus_s1 -> xadd/login_rus_s1.dds, size=1024x1024
2026-06-18 01:45:28 [info] UI texture loaded: yellow1 -> xadd/yellow1.dds, size=32x32
2026-06-18 01:45:28 [info] UI texture loaded: i_help -> textures/fx/i_help.dds, size=256x256
2026-06-18 01:45:28 [info] UI texture loaded: i_journal -> textures/fx/i_journal.dds, size=256x256
2026-06-18 01:45:28 [info] UI texture loaded: I_COMP -> textures/fx/i_comp.dds, size=256x256
2026-06-18 01:45:28 [info] UI texture loaded: i_invent -> textures/fx/i_invent.dds, size=256x256
2026-06-18 01:45:28 [info] UI texture loaded: i_trade -> textures/fx/i_trade.dds, size=256x512
2026-06-18 01:45:29 [info] UI texture loaded: login_rus_sp -> xadd/login_rus_sp.dds, size=1024x1024
2026-06-18 01:45:29 [info] UI texture loaded: login_eng_sp -> xadd/login_eng_sp.dds, size=1024x1024
2026-06-18 01:45:29 [info] UI texture loaded: login_eng_s1 -> xadd/login_eng_s1.dds, size=1024x1024
2026-06-18 01:45:29 [info] UI texture loaded: black -> textures/black.dds, size=32x32
2026-06-18 01:45:29 [info] UI texture loaded: i_ctrls -> textures/fx/i_ctrls.dds, size=128x128
2026-06-18 01:45:29 [info] D3D9 UI preload: texture_cache=16
2026-06-18 01:45:29 [info] D3D9 shader resource inventory: vertex=124, pixel=54, samples=8
2026-06-18 01:45:29 [info] D3D9 shader sample[0]: shaders/pixel/00_00_00_00_00.psc
2026-06-18 01:45:29 [info] D3D9 shader sample[1]: shaders/pixel/00_00_00_00_01.psc
2026-06-18 01:45:29 [info] D3D9 shader sample[2]: shaders/pixel/00_00_00_01_00.psc
2026-06-18 01:45:29 [info] D3D9 shader sample[3]: shaders/pixel/00_00_01_00_00.psc
2026-06-18 01:45:29 [info] D3D9 shader sample[4]: shaders/pixel/00_00_01_00_01.psc
2026-06-18 01:45:29 [info] D3D9 shader sample[5]: shaders/pixel/00_00_02_00_00.psc
2026-06-18 01:45:29 [info] D3D9 shader sample[6]: shaders/pixel/00_00_02_00_01.psc
2026-06-18 01:45:29 [info] D3D9 shader sample[7]: shaders/pixel/00_01_00_00_00.psc
2026-06-18 01:45:29 [info] frontend stage: loading game objects and world scene, progress=0.380000
2026-06-18 01:47:58 [info] SferaCoreLoader x64 bootstrap
2026-06-18 01:47:58 [info] executable resource root: E:\work projekts\sfera_client\Binaries\x64\Debug
2026-06-18 01:47:58 [info] Window created: class=SphereWclName, title=Sphere, size=1024x768
2026-06-18 01:47:58 [info] frontend shell created before data bootstrap
2026-06-18 01:47:58 [info] frontend event loop started
2026-06-18 01:47:58 [info] frontend stage: cataloging files, progress=0.050000
2026-06-18 01:48:01 [info] FileSystem cataloged 14095 files under executable directory
2026-06-18 01:48:01 [info] frontend stage: loading configs, progress=0.120000
2026-06-18 01:48:01 [info] loaded cfg: config.cfg
2026-06-18 01:48:01 [info] loaded cfg: connect.cfg
2026-06-18 01:48:01 [info] loaded cfg: connectn.cfg
2026-06-18 01:48:01 [info] loaded cfg: control.cfg
2026-06-18 01:48:01 [info] loaded cfg: fonts.cfg
2026-06-18 01:48:01 [info] loaded cfg: Models/Materials.cfg
2026-06-18 01:48:01 [info] loaded cfg: Landscape/zoning.cfg
2026-06-18 01:48:01 [info] loaded cfg: Landscape/zoningHaron.cfg
2026-06-18 01:48:01 [info] frontend stage: building resource catalog, progress=0.200000
2026-06-18 01:48:01 [info] ResourceLoader cataloged 14095 resources
2026-06-18 01:48:02 [info] UI resource manifest: documents=91, loaded=91, parsed=91, windows=93, controls=258, sprites=1736, texture_slices=2740, texture_names=336
2026-06-18 01:48:02 [info] UI class usage: BUTTON=131
2026-06-18 01:48:02 [info] UI class usage: TEXT=39
2026-06-18 01:48:02 [info] UI class usage: IMAGE=34
2026-06-18 01:48:02 [info] UI class usage: SLOT=13
2026-06-18 01:48:02 [info] UI class usage: EDIT=10
2026-06-18 01:48:02 [info] UI class usage: SCROLL_BAR=10
2026-06-18 01:48:02 [info] UI class usage: TEXTLIST=7
2026-06-18 01:48:02 [info] UI class usage: PROGRESS_BAR=3
2026-06-18 01:48:02 [info] UI class usage: LISTITEM=2
2026-06-18 01:48:02 [info] UI class usage: HYPER_TEXT=2
2026-06-18 01:48:02 [info] UI class usage: HTEDIT=1
2026-06-18 01:48:02 [info] UI class usage: HTCHATLISTCTRL=1
2026-06-18 01:48:02 [info] LoadingScreen resource: effects/loadscreen.ui, kind=UI, loaded=yes, bytes=2592
2026-06-18 01:48:02 [info] LoadingScreen layout: windows=1, controls=5, sprites=6, textures=6
2026-06-18 01:48:02 [info] Connection UI layout: file=Effects/connection.ui, windows=1, controls=11, sprites=23, textures=6
2026-06-18 01:48:02 [info] frontend stage: initializing d3d9, progress=0.320000
2026-06-18 01:48:03 [info] D3D9 device initialized: windowed=1, backbuffer=1024x768
2026-06-18 01:48:03 [info] D3D9 UI texture loader: d3dx9_43.dll
2026-06-18 01:48:03 [info] UI SFNT font loaded: id=2, resource=fnt_sphere0, texture=fnt_sphere0, glyphs=224, line_height=11, baseline=9
2026-06-18 01:48:03 [info] UI SFNT font loaded: id=3, resource=fnt_sphere1, texture=fnt_sphere1, glyphs=211, line_height=18, baseline=13
2026-06-18 01:48:03 [info] UI SFNT font loaded: id=4, resource=fnt_sphere2, texture=fnt_sphere2, glyphs=224, line_height=15, baseline=12
2026-06-18 01:48:03 [info] UI SFNT font loaded: id=5, resource=fnt_sphere3, texture=font, glyphs=224, line_height=16, baseline=13
2026-06-18 01:48:03 [info] UI SFNT font loaded: id=6, resource=fnt_sphere4, texture=font, glyphs=224, line_height=16, baseline=12
2026-06-18 01:48:03 [info] UI SFNT font loaded: id=7, resource=fnt_sphere5, texture=font, glyphs=224, line_height=16, baseline=13
2026-06-18 01:48:03 [info] UI SFNT font loaded: id=8, resource=fnt_sphere6, texture=font, glyphs=224, line_height=16, baseline=13
2026-06-18 01:48:03 [info] UI SFNT font loaded: id=9, resource=fnt_sphere7, texture=font, glyphs=224, line_height=16, baseline=12
2026-06-18 01:48:03 [info] UI SFNT font loaded: id=10, resource=fnt_sphere8, texture=font, glyphs=224, line_height=16, baseline=13
2026-06-18 01:48:03 [info] UI SFNT font loaded: id=11, resource=fnt_sphere9, texture=font, glyphs=224, line_height=16, baseline=13
2026-06-18 01:48:03 [info] UI SFNT font loaded: id=12, resource=fnt_sphere10, texture=font, glyphs=224, line_height=16, baseline=13
2026-06-18 01:48:03 [info] UI SFNT font loaded: id=13, resource=fnt_sphere11, texture=font, glyphs=224, line_height=16, baseline=13
2026-06-18 01:48:03 [info] UI fonts: fonts_cfg=yes, configured_new=12, runtime_fonts=14, sfnt_loaded=12, texture_refs=12
2026-06-18 01:48:03 [info] UI font[0]: resource=fonts/font.txt, gdi=Tahoma, size=8, sfnt=no, texture=<none>
2026-06-18 01:48:03 [info] UI font[1]: resource=fonts/font1.txt, gdi=Tahoma, size=9, sfnt=no, texture=<none>
2026-06-18 01:48:03 [info] UI font[2]: resource=fnt_sphere0, gdi=Tahoma, size=7, sfnt=yes, texture=fnt_sphere0
2026-06-18 01:48:03 [info] UI font[3]: resource=fnt_sphere1, gdi=Tahoma, size=8, sfnt=yes, texture=fnt_sphere1
2026-06-18 01:48:03 [info] UI font[4]: resource=fnt_sphere2, gdi=Tahoma, size=9, sfnt=yes, texture=fnt_sphere2
2026-06-18 01:48:03 [info] UI font[5]: resource=fnt_sphere3, gdi=Arial, size=10, sfnt=yes, texture=font
2026-06-18 01:48:03 [info] UI font[6]: resource=fnt_sphere4, gdi=Calibri, size=10, sfnt=yes, texture=font
2026-06-18 01:48:03 [info] UI font[7]: resource=fnt_sphere5, gdi=Century, size=10, sfnt=yes, texture=font
2026-06-18 01:48:03 [info] UI texture loaded: fnt_sphere0 -> xadd/fnt_sphere0.dds, size=256x256
2026-06-18 01:48:03 [info] UI texture loaded: fnt_sphere1 -> xadd/fnt_sphere1.dds, size=256x256
2026-06-18 01:48:03 [info] UI texture loaded: fnt_sphere2 -> xadd/fnt_sphere2.dds, size=256x256
2026-06-18 01:48:03 [warning] UI texture not found: font
2026-06-18 01:48:03 [info] D3D9 UI bitmap font textures connected: 3
2026-06-18 01:48:03 [info] UI texture loaded: login_rus_sp -> xadd/login_rus_sp.dds, size=1024x1024
2026-06-18 01:48:04 [info] UI texture loaded: login_rus_s1 -> xadd/login_rus_s1.dds, size=1024x1024
2026-06-18 01:48:04 [info] UI texture loaded: login_eng_sp -> xadd/login_eng_sp.dds, size=1024x1024
2026-06-18 01:48:04 [info] UI texture loaded: login_eng_s1 -> xadd/login_eng_s1.dds, size=1024x1024
2026-06-18 01:48:04 [info] UI texture loaded: black -> textures/black.dds, size=32x32
2026-06-18 01:48:04 [info] UI texture loaded: yellow1 -> xadd/yellow1.dds, size=32x32
2026-06-18 01:48:04 [info] UI texture loaded: i_help -> textures/fx/i_help.dds, size=256x256
2026-06-18 01:48:04 [info] UI texture loaded: i_journal -> textures/fx/i_journal.dds, size=256x256
2026-06-18 01:48:04 [info] UI texture loaded: I_COMP -> textures/fx/i_comp.dds, size=256x256
2026-06-18 01:48:05 [info] UI texture loaded: i_ctrls -> textures/fx/i_ctrls.dds, size=128x128
2026-06-18 01:48:05 [info] UI texture loaded: i_invent -> textures/fx/i_invent.dds, size=256x256
2026-06-18 01:48:05 [info] UI texture loaded: i_trade -> textures/fx/i_trade.dds, size=256x512
2026-06-18 01:48:05 [info] D3D9 UI preload: texture_cache=16
2026-06-18 01:48:05 [info] D3D9 shader resource inventory: vertex=124, pixel=54, samples=8
2026-06-18 01:48:05 [info] D3D9 shader sample[0]: shaders/pixel/00_00_00_00_00.psc
2026-06-18 01:48:05 [info] D3D9 shader sample[1]: shaders/pixel/00_00_00_00_01.psc
2026-06-18 01:48:05 [info] D3D9 shader sample[2]: shaders/pixel/00_00_00_01_00.psc
2026-06-18 01:48:05 [info] D3D9 shader sample[3]: shaders/pixel/00_00_01_00_00.psc
2026-06-18 01:48:05 [info] D3D9 shader sample[4]: shaders/pixel/00_00_01_00_01.psc
2026-06-18 01:48:05 [info] D3D9 shader sample[5]: shaders/pixel/00_00_02_00_00.psc
2026-06-18 01:48:05 [info] D3D9 shader sample[6]: shaders/pixel/00_00_02_00_01.psc
2026-06-18 01:48:05 [info] D3D9 shader sample[7]: shaders/pixel/00_01_00_00_00.psc
2026-06-18 01:48:05 [info] frontend stage: loading game objects and world scene, progress=0.380000
2026-06-18 01:48:09 [info] GameObjects config registry: manifest_matches=231, loaded=231, model_tables=1, entity_param_files=208, group_tables=22, indexed_objects=698
2026-06-18 01:48:09 [info] GameObjects source[0]: kind=models_mdlparam_table, entries=370, fields=1512, objects_delta=367, file=models/mdlparam.txt
2026-06-18 01:48:09 [info] GameObjects source[1]: kind=entity_param_file, entries=40, fields=40, objects_delta=1, file=params/char04.cfg
2026-06-18 01:48:09 [info] GameObjects source[2]: kind=entity_param_file, entries=40, fields=40, objects_delta=1, file=params/char05.cfg
2026-06-18 01:48:09 [info] GameObjects source[3]: kind=entity_param_file, entries=39, fields=39, objects_delta=1, file=params/char101.cfg
2026-06-18 01:48:09 [info] GameObjects source[4]: kind=entity_param_file, entries=40, fields=40, objects_delta=1, file=params/char13.cfg
2026-06-18 01:48:09 [info] GameObjects source[5]: kind=entity_param_file, entries=40, fields=40, objects_delta=1, file=params/char17.cfg
2026-06-18 01:48:09 [info] GameObjects source[6]: kind=entity_param_file, entries=40, fields=40, objects_delta=1, file=params/char19.cfg
2026-06-18 01:48:09 [info] GameObjects source[7]: kind=entity_param_file, entries=40, fields=40, objects_delta=1, file=params/char22.cfg
2026-06-18 01:48:09 [info] GameObjects source[8]: kind=entity_param_file, entries=40, fields=40, objects_delta=1, file=params/char23.cfg
2026-06-18 01:48:09 [info] GameObjects source[9]: kind=entity_param_file, entries=40, fields=40, objects_delta=1, file=params/char26.cfg
2026-06-18 01:48:09 [info] GameObjects source[10]: kind=entity_param_file, entries=40, fields=40, objects_delta=1, file=params/char27.cfg
2026-06-18 01:48:09 [info] GameObjects source[11]: kind=entity_param_file, entries=40, fields=40, objects_delta=1, file=params/char32.cfg
2026-06-18 01:48:09 [info] GameObjects source log suppressed: 219 additional registry documents
2026-06-18 01:48:09 [info] GameObjects initialized: params=698, live_objects=0
2026-06-18 01:48:11 [info] frontend event loop finished
2026-06-18 01:57:21 [info] SferaCoreLoader x64 bootstrap
2026-06-18 01:57:21 [info] executable resource root: E:\work projekts\sfera_client\Binaries\x64\Debug
2026-06-18 01:57:21 [info] Window created: class=SphereWclName, title=Sphere, size=1024x768
2026-06-18 01:57:21 [info] frontend shell created before data bootstrap
2026-06-18 01:57:21 [info] frontend event loop started
2026-06-18 01:57:21 [info] frontend stage: cataloging files, progress=0.050000
2026-06-18 01:57:23 [info] FileSystem cataloged 14095 files under executable directory
2026-06-18 01:57:23 [info] frontend stage: loading configs, progress=0.120000
2026-06-18 01:57:23 [info] loaded cfg: config.cfg
2026-06-18 01:57:23 [info] loaded cfg: connect.cfg
2026-06-18 01:57:23 [info] loaded cfg: connectn.cfg
2026-06-18 01:57:23 [info] loaded cfg: control.cfg
2026-06-18 01:57:23 [info] loaded cfg: fonts.cfg
2026-06-18 01:57:23 [info] loaded cfg: Models/Materials.cfg
2026-06-18 01:57:23 [info] loaded cfg: Landscape/zoning.cfg
2026-06-18 01:57:23 [info] loaded cfg: Landscape/zoningHaron.cfg
2026-06-18 01:57:23 [info] frontend stage: building resource catalog, progress=0.200000
2026-06-18 01:57:23 [info] ResourceLoader cataloged 14095 resources
2026-06-18 01:57:25 [info] UI resource manifest: documents=91, loaded=91, parsed=91, windows=93, controls=258, sprites=1736, texture_slices=2740, texture_names=336
2026-06-18 01:57:25 [info] UI class usage: BUTTON=131
2026-06-18 01:57:25 [info] UI class usage: TEXT=39
2026-06-18 01:57:25 [info] UI class usage: IMAGE=34
2026-06-18 01:57:25 [info] UI class usage: SLOT=13
2026-06-18 01:57:25 [info] UI class usage: EDIT=10
2026-06-18 01:57:25 [info] UI class usage: SCROLL_BAR=10
2026-06-18 01:57:25 [info] UI class usage: TEXTLIST=7
2026-06-18 01:57:25 [info] UI class usage: PROGRESS_BAR=3
2026-06-18 01:57:25 [info] UI class usage: LISTITEM=2
2026-06-18 01:57:25 [info] UI class usage: HYPER_TEXT=2
2026-06-18 01:57:25 [info] UI class usage: HTEDIT=1
2026-06-18 01:57:25 [info] UI class usage: HTCHATLISTCTRL=1
2026-06-18 01:57:25 [info] LoadingScreen resource: effects/loadscreen.ui, kind=UI, loaded=yes, bytes=2592
2026-06-18 01:57:25 [info] LoadingScreen layout: windows=1, controls=5, sprites=6, textures=6
2026-06-18 01:57:25 [info] Connection UI layout: file=Effects/connection.ui, windows=1, controls=11, sprites=23, textures=6
2026-06-18 01:57:25 [info] frontend stage: initializing d3d9, progress=0.320000
2026-06-18 01:57:25 [info] D3D9 device initialized: windowed=1, backbuffer=1024x768
2026-06-18 01:57:25 [info] D3D9 UI texture loader: d3dx9_43.dll
2026-06-18 01:57:25 [info] UI SFNT font loaded: id=2, resource=fnt_sphere0, texture=fnt_sphere0, glyphs=224, line_height=11, baseline=9
2026-06-18 01:57:25 [info] UI SFNT font loaded: id=3, resource=fnt_sphere1, texture=fnt_sphere1, glyphs=211, line_height=18, baseline=13
2026-06-18 01:57:25 [info] UI SFNT font loaded: id=4, resource=fnt_sphere2, texture=fnt_sphere2, glyphs=224, line_height=15, baseline=12
2026-06-18 01:57:25 [info] UI SFNT font loaded: id=5, resource=fnt_sphere3, texture=font, glyphs=224, line_height=16, baseline=13
2026-06-18 01:57:25 [info] UI SFNT font loaded: id=6, resource=fnt_sphere4, texture=font, glyphs=224, line_height=16, baseline=12
2026-06-18 01:57:25 [info] UI SFNT font loaded: id=7, resource=fnt_sphere5, texture=font, glyphs=224, line_height=16, baseline=13
2026-06-18 01:57:25 [info] UI SFNT font loaded: id=8, resource=fnt_sphere6, texture=font, glyphs=224, line_height=16, baseline=13
2026-06-18 01:57:25 [info] UI SFNT font loaded: id=9, resource=fnt_sphere7, texture=font, glyphs=224, line_height=16, baseline=12
2026-06-18 01:57:25 [info] UI SFNT font loaded: id=10, resource=fnt_sphere8, texture=font, glyphs=224, line_height=16, baseline=13
2026-06-18 01:57:25 [info] UI SFNT font loaded: id=11, resource=fnt_sphere9, texture=font, glyphs=224, line_height=16, baseline=13
2026-06-18 01:57:25 [info] UI SFNT font loaded: id=12, resource=fnt_sphere10, texture=font, glyphs=224, line_height=16, baseline=13
2026-06-18 01:57:25 [info] UI SFNT font loaded: id=13, resource=fnt_sphere11, texture=font, glyphs=224, line_height=16, baseline=13
2026-06-18 01:57:25 [info] UI fonts: fonts_cfg=yes, configured_new=12, runtime_fonts=14, sfnt_loaded=12, texture_refs=12
2026-06-18 01:57:25 [info] UI font[0]: resource=fonts/font.txt, gdi=Tahoma, size=8, sfnt=no, texture=<none>
2026-06-18 01:57:25 [info] UI font[1]: resource=fonts/font1.txt, gdi=Tahoma, size=9, sfnt=no, texture=<none>
2026-06-18 01:57:25 [info] UI font[2]: resource=fnt_sphere0, gdi=Tahoma, size=7, sfnt=yes, texture=fnt_sphere0
2026-06-18 01:57:25 [info] UI font[3]: resource=fnt_sphere1, gdi=Tahoma, size=8, sfnt=yes, texture=fnt_sphere1
2026-06-18 01:57:25 [info] UI font[4]: resource=fnt_sphere2, gdi=Tahoma, size=9, sfnt=yes, texture=fnt_sphere2
2026-06-18 01:57:25 [info] UI font[5]: resource=fnt_sphere3, gdi=Arial, size=10, sfnt=yes, texture=font
2026-06-18 01:57:25 [info] UI font[6]: resource=fnt_sphere4, gdi=Calibri, size=10, sfnt=yes, texture=font
2026-06-18 01:57:25 [info] UI font[7]: resource=fnt_sphere5, gdi=Century, size=10, sfnt=yes, texture=font
2026-06-18 01:57:25 [info] UI texture loaded: fnt_sphere0 -> xadd/fnt_sphere0.dds, size=256x256
2026-06-18 01:57:25 [info] UI texture loaded: fnt_sphere1 -> xadd/fnt_sphere1.dds, size=256x256
2026-06-18 01:57:26 [info] UI texture loaded: fnt_sphere2 -> xadd/fnt_sphere2.dds, size=256x256
2026-06-18 01:57:26 [warning] UI texture not found: font
2026-06-18 01:57:26 [info] D3D9 UI bitmap font textures connected: 3
2026-06-18 01:57:26 [info] UI texture loaded: login_rus_sp -> xadd/login_rus_sp.dds, size=1024x1024
2026-06-18 01:57:26 [info] UI texture loaded: login_rus_s1 -> xadd/login_rus_s1.dds, size=1024x1024
2026-06-18 01:57:26 [info] UI texture loaded: login_eng_sp -> xadd/login_eng_sp.dds, size=1024x1024
2026-06-18 01:57:26 [info] UI texture loaded: login_eng_s1 -> xadd/login_eng_s1.dds, size=1024x1024
2026-06-18 01:57:26 [info] UI texture loaded: black -> textures/black.dds, size=32x32
2026-06-18 01:57:26 [info] UI texture loaded: yellow1 -> xadd/yellow1.dds, size=32x32
2026-06-18 01:57:27 [info] UI texture loaded: i_help -> textures/fx/i_help.dds, size=256x256
2026-06-18 01:57:27 [info] UI texture loaded: i_journal -> textures/fx/i_journal.dds, size=256x256
2026-06-18 01:57:27 [info] UI texture loaded: I_COMP -> textures/fx/i_comp.dds, size=256x256
2026-06-18 01:57:27 [info] UI texture loaded: i_ctrls -> textures/fx/i_ctrls.dds, size=128x128
2026-06-18 01:57:27 [info] UI texture loaded: i_invent -> textures/fx/i_invent.dds, size=256x256
2026-06-18 01:57:27 [info] UI texture loaded: i_trade -> textures/fx/i_trade.dds, size=256x512
2026-06-18 01:57:27 [info] D3D9 UI preload: texture_cache=16
2026-06-18 01:57:27 [info] D3D9 shader resource inventory: vertex=124, pixel=54, samples=8
2026-06-18 01:57:27 [info] D3D9 shader sample[0]: shaders/pixel/00_00_00_00_00.psc
2026-06-18 01:57:27 [info] D3D9 shader sample[1]: shaders/pixel/00_00_00_00_01.psc
2026-06-18 01:57:27 [info] D3D9 shader sample[2]: shaders/pixel/00_00_00_01_00.psc
2026-06-18 01:57:27 [info] D3D9 shader sample[3]: shaders/pixel/00_00_01_00_00.psc
2026-06-18 01:57:27 [info] D3D9 shader sample[4]: shaders/pixel/00_00_01_00_01.psc
2026-06-18 01:57:27 [info] D3D9 shader sample[5]: shaders/pixel/00_00_02_00_00.psc
2026-06-18 01:57:27 [info] D3D9 shader sample[6]: shaders/pixel/00_00_02_00_01.psc
2026-06-18 01:57:27 [info] D3D9 shader sample[7]: shaders/pixel/00_01_00_00_00.psc
2026-06-18 01:57:27 [info] frontend stage: loading game objects and world scene, progress=0.380000
2026-06-18 01:57:29 [info] frontend event loop finished
2026-06-18 01:59:30 [info] SferaCoreLoader x64 bootstrap
2026-06-18 01:59:30 [info] executable resource root: E:\work projekts\sfera_client\Binaries\x64\Debug
2026-06-18 01:59:30 [info] Window created: class=SphereWclName, title=Sphere, size=1024x768
2026-06-18 01:59:30 [info] frontend shell created before data bootstrap
2026-06-18 01:59:30 [info] frontend event loop started
2026-06-18 01:59:30 [info] frontend stage: cataloging files, progress=0.050000
2026-06-18 01:59:33 [info] FileSystem cataloged 14095 files under executable directory
2026-06-18 01:59:33 [info] frontend stage: loading configs, progress=0.120000
2026-06-18 01:59:33 [info] loaded cfg: config.cfg
2026-06-18 01:59:33 [info] loaded cfg: connect.cfg
2026-06-18 01:59:33 [info] loaded cfg: connectn.cfg
2026-06-18 01:59:33 [info] loaded cfg: control.cfg
2026-06-18 01:59:33 [info] loaded cfg: fonts.cfg
2026-06-18 01:59:33 [info] loaded cfg: Models/Materials.cfg
2026-06-18 01:59:33 [info] loaded cfg: Landscape/zoning.cfg
2026-06-18 01:59:33 [info] loaded cfg: Landscape/zoningHaron.cfg
2026-06-18 01:59:33 [info] frontend stage: building resource catalog, progress=0.200000
2026-06-18 01:59:33 [info] ResourceLoader cataloged 14095 resources
2026-06-18 01:59:35 [info] UI resource manifest: documents=91, loaded=91, parsed=91, windows=93, controls=258, sprites=1736, texture_slices=2740, texture_names=336
2026-06-18 01:59:35 [info] UI class usage: BUTTON=131
2026-06-18 01:59:35 [info] UI class usage: TEXT=39
2026-06-18 01:59:35 [info] UI class usage: IMAGE=34
2026-06-18 01:59:35 [info] UI class usage: SLOT=13
2026-06-18 01:59:35 [info] UI class usage: EDIT=10
2026-06-18 01:59:35 [info] UI class usage: SCROLL_BAR=10
2026-06-18 01:59:35 [info] UI class usage: TEXTLIST=7
2026-06-18 01:59:35 [info] UI class usage: PROGRESS_BAR=3
2026-06-18 01:59:35 [info] UI class usage: LISTITEM=2
2026-06-18 01:59:35 [info] UI class usage: HYPER_TEXT=2
2026-06-18 01:59:35 [info] UI class usage: HTEDIT=1
2026-06-18 01:59:35 [info] UI class usage: HTCHATLISTCTRL=1
2026-06-18 01:59:35 [info] LoadingScreen resource: effects/loadscreen.ui, kind=UI, loaded=yes, bytes=2592
2026-06-18 01:59:35 [info] LoadingScreen layout: windows=1, controls=5, sprites=6, textures=6
2026-06-18 01:59:35 [info] Connection UI layout: file=Effects/connection.ui, windows=1, controls=11, sprites=23, textures=6
2026-06-18 01:59:35 [info] frontend stage: initializing d3d9, progress=0.320000
2026-06-18 01:59:35 [info] D3D9 device initialized: windowed=1, backbuffer=1024x768
2026-06-18 01:59:35 [info] D3D9 UI texture loader: d3dx9_43.dll
2026-06-18 01:59:35 [info] UI texture loaded: login_rus_sp -> xadd/login_rus_sp.dds, size=1024x1024
2026-06-18 01:59:35 [info] UI texture loaded: login_rus_s1 -> xadd/login_rus_s1.dds, size=1024x1024
2026-06-18 01:59:35 [info] UI texture loaded: login_eng_sp -> xadd/login_eng_sp.dds, size=1024x1024
2026-06-18 01:59:35 [info] UI texture loaded: login_eng_s1 -> xadd/login_eng_s1.dds, size=1024x1024
2026-06-18 01:59:35 [info] UI texture loaded: black -> textures/black.dds, size=32x32
2026-06-18 01:59:36 [info] UI texture loaded: yellow1 -> xadd/yellow1.dds, size=32x32
2026-06-18 01:59:36 [info] UI texture loaded: i_help -> textures/fx/i_help.dds, size=256x256
2026-06-18 01:59:36 [info] UI texture loaded: i_journal -> textures/fx/i_journal.dds, size=256x256
2026-06-18 01:59:36 [info] UI texture loaded: I_COMP -> textures/fx/i_comp.dds, size=256x256
2026-06-18 01:59:36 [info] UI texture loaded: i_ctrls -> textures/fx/i_ctrls.dds, size=128x128
2026-06-18 01:59:36 [info] UI texture loaded: i_invent -> textures/fx/i_invent.dds, size=256x256
2026-06-18 01:59:36 [info] UI texture loaded: i_trade -> textures/fx/i_trade.dds, size=256x512
2026-06-18 01:59:36 [info] D3D9 UI preload: texture_cache=12
2026-06-18 01:59:37 [info] D3D9 shader resource inventory: vertex=124, pixel=54, samples=8
2026-06-18 01:59:37 [info] D3D9 shader sample[0]: shaders/pixel/00_00_00_00_00.psc
2026-06-18 01:59:37 [info] D3D9 shader sample[1]: shaders/pixel/00_00_00_00_01.psc
2026-06-18 01:59:37 [info] D3D9 shader sample[2]: shaders/pixel/00_00_00_01_00.psc
2026-06-18 01:59:37 [info] D3D9 shader sample[3]: shaders/pixel/00_00_01_00_00.psc
2026-06-18 01:59:37 [info] D3D9 shader sample[4]: shaders/pixel/00_00_01_00_01.psc
2026-06-18 01:59:37 [info] D3D9 shader sample[5]: shaders/pixel/00_00_02_00_00.psc
2026-06-18 01:59:37 [info] D3D9 shader sample[6]: shaders/pixel/00_00_02_00_01.psc
2026-06-18 01:59:37 [info] D3D9 shader sample[7]: shaders/pixel/00_01_00_00_00.psc
2026-06-18 01:59:37 [info] frontend stage: loading game objects and world scene, progress=0.380000
2026-06-18 01:59:41 [info] GameObjects config registry: manifest_matches=231, loaded=231, model_tables=1, entity_param_files=208, group_tables=22, indexed_objects=698
2026-06-18 01:59:41 [info] GameObjects source[0]: kind=models_mdlparam_table, entries=370, fields=1512, objects_delta=367, file=models/mdlparam.txt
2026-06-18 01:59:41 [info] GameObjects source[1]: kind=entity_param_file, entries=40, fields=40, objects_delta=1, file=params/char04.cfg
2026-06-18 01:59:41 [info] GameObjects source[2]: kind=entity_param_file, entries=40, fields=40, objects_delta=1, file=params/char05.cfg
2026-06-18 01:59:41 [info] GameObjects source[3]: kind=entity_param_file, entries=39, fields=39, objects_delta=1, file=params/char101.cfg
2026-06-18 01:59:41 [info] GameObjects source[4]: kind=entity_param_file, entries=40, fields=40, objects_delta=1, file=params/char13.cfg
2026-06-18 01:59:41 [info] GameObjects source[5]: kind=entity_param_file, entries=40, fields=40, objects_delta=1, file=params/char17.cfg
2026-06-18 01:59:41 [info] GameObjects source[6]: kind=entity_param_file, entries=40, fields=40, objects_delta=1, file=params/char19.cfg
2026-06-18 01:59:41 [info] GameObjects source[7]: kind=entity_param_file, entries=40, fields=40, objects_delta=1, file=params/char22.cfg
2026-06-18 01:59:41 [info] GameObjects source[8]: kind=entity_param_file, entries=40, fields=40, objects_delta=1, file=params/char23.cfg
2026-06-18 01:59:41 [info] GameObjects source[9]: kind=entity_param_file, entries=40, fields=40, objects_delta=1, file=params/char26.cfg
2026-06-18 01:59:41 [info] GameObjects source[10]: kind=entity_param_file, entries=40, fields=40, objects_delta=1, file=params/char27.cfg
2026-06-18 01:59:41 [info] GameObjects source[11]: kind=entity_param_file, entries=40, fields=40, objects_delta=1, file=params/char32.cfg
2026-06-18 01:59:41 [info] GameObjects source log suppressed: 219 additional registry documents
2026-06-18 01:59:41 [info] GameObjects initialized: params=698, live_objects=0
2026-06-18 01:59:41 [info] UI click: connection control id=4
2026-06-18 01:59:42 [info] UI click: connection control id=4
2026-06-18 01:59:45 [info] frontend event loop finished
2026-06-18 01:59:48 [info] WorldScene cataloged landscape resources: 3590, terrain_size_records=278, microtextures=18, coord_index=234
2026-06-18 01:59:48 [info] WorldScene contours loaded: records=440, invalid=0, record_size=0x418
2026-06-18 01:59:49 [info] WorldScene map grid loaded: cells=6400, present=6400, resolved=6400, terrain_resolved=6400, fallback_resolved=0, missing_tile_refs=0, unique_tiles=270, cell_stride=0x16
2026-06-18 01:59:49 [info] WorldScene grass maps loaded: 256, tile_bytes=0x10000
2026-06-18 01:59:49 [info] WorldScene snow path loaded: bytes=8368, candidate_points=1046
2026-06-18 01:59:49 [info] WorldScene runtime binaries: contours=440, map_cells=6400, grass_maps=256, snow_points=1046
2026-06-18 01:59:49 [info] WorldScene text profiles: weather=372, sky=235
2026-06-18 01:59:49 [info] WorldScene zoning parsed: Landscape/zoning.cfg, entries=106, scopes=27, zone_fields=102, zones=3, container_decls=4, warnings=0
2026-06-18 01:59:49 [info] WorldScene zoning scope[0]: zonesParams[0]
2026-06-18 01:59:49 [info] WorldScene zoning scope[1]: zonesParams[0].dayColors[0]
2026-06-18 01:59:49 [info] WorldScene zoning scope[2]: zonesParams[0].dayColors[1]
2026-06-18 01:59:49 [info] WorldScene zoning scope[3]: zonesParams[0].dayColors[2]
2026-06-18 01:59:49 [info] WorldScene zoning note[0]: container declaration; opens array/scope and carries no runtime value: line=1, scope=<root>, key=zonesParams, type=<as>, value=<empty>, raw="zonesParams<as>="
2026-06-18 01:59:49 [info] WorldScene zoning note[1]: container declaration; opens array/scope and carries no runtime value: line=13, scope=zonesParams[0], key=dayColors, type=<as>, value=<empty>, raw="dayColors<as>="
2026-06-18 01:59:49 [info] WorldScene zoning note[2]: container declaration; opens array/scope and carries no runtime value: line=66, scope=zonesParams[1], key=dayColors, type=<as>, value=<empty>, raw="dayColors<as>="
2026-06-18 01:59:49 [info] WorldScene zoning note[3]: container declaration; opens array/scope and carries no runtime value: line=123, scope=zonesParams[2], key=dayColors, type=<as>, value=<empty>, raw="dayColors<as>="
2026-06-18 01:59:49 [info] WorldScene zoning zone[0]: index=0, scope=zonesParams[0], fields=34, bounds=valid
2026-06-18 01:59:49 [info] WorldScene zoning zone[1]: index=1, scope=zonesParams[1], fields=34, bounds=valid
2026-06-18 01:59:49 [info] WorldScene zoning parsed: Landscape/zoningHaron.cfg, entries=71, scopes=18, zone_fields=68, zones=2, container_decls=3, warnings=0
2026-06-18 01:59:49 [info] WorldScene zoning scope[0]: zonesParams[0]
2026-06-18 01:59:49 [info] WorldScene zoning scope[1]: zonesParams[0].dayColors[0]
2026-06-18 01:59:49 [info] WorldScene zoning scope[2]: zonesParams[0].dayColors[1]
2026-06-18 01:59:49 [info] WorldScene zoning scope[3]: zonesParams[0].dayColors[2]
2026-06-18 01:59:49 [info] WorldScene zoning note[0]: container declaration; opens array/scope and carries no runtime value: line=1, scope=<root>, key=zonesParams, type=<as>, value=<empty>, raw="zonesParams<as>="
2026-06-18 01:59:49 [info] WorldScene zoning note[1]: container declaration; opens array/scope and carries no runtime value: line=13, scope=zonesParams[0], key=dayColors, type=<as>, value=<empty>, raw="dayColors<as>="
2026-06-18 01:59:49 [info] WorldScene zoning note[2]: container declaration; opens array/scope and carries no runtime value: line=66, scope=zonesParams[1], key=dayColors, type=<as>, value=<empty>, raw="dayColors<as>="
2026-06-18 01:59:49 [info] WorldScene zoning zone[0]: index=0, scope=zonesParams[0], fields=34, bounds=valid
2026-06-18 01:59:49 [info] WorldScene zoning zone[1]: index=1, scope=zonesParams[1], fields=34, bounds=valid
2026-06-18 01:59:49 [info] WorldScene zoning loaded: documents=2, zones=5
2026-06-18 01:59:49 [info] WorldScene asm self-test: map_shape=ok, map_refs=ok, contours_stride=ok, grass_tile_size=ok, terrain_catalog=278, microtexture_catalog=18, map00=FILL_EMPT
2026-06-18 01:59:49 [info] WorldScene bootstrap: landscape_resources=3590, zones=5, contours=440, map_present=6400, grass=256, snow_points=1046, weather_lines=372, sky_lines=235
2026-06-18 01:59:49 [info] frontend stage: registering script natives, progress=0.520000
2026-06-18 01:59:49 [info] frontend stage: loading script modules, progress=0.600000
2026-06-18 01:59:49 [info] MBC candidates: 366
2026-06-18 01:59:49 [info] MBC parsed modules: 366, failed=0
2026-06-18 01:59:49 [info] MBC loaded: mbc/al_flower.mbc, programs=100, functions=110, strings=148, first_ops=1, header=MBL script v4.0; code=20144, data=5300, programs=100, functions=110
2026-06-18 01:59:49 [info] MBC loaded: mbc/al_metal.mbc, programs=100, functions=110, strings=147, first_ops=1, header=MBL script v4.0; code=20144, data=5300, programs=100, functions=110
2026-06-18 01:59:49 [info] MBC loaded: mbc/al_mineral.mbc, programs=100, functions=110, strings=148, first_ops=1, header=MBL script v4.0; code=20144, data=5300, programs=100, functions=110
2026-06-18 01:59:49 [info] MBC loaded: mbc/ar_amulet.mbc, programs=95, functions=106, strings=147, first_ops=1, header=MBL script v4.0; code=21407, data=5624, programs=95, functions=106
2026-06-18 01:59:49 [info] MBC loaded: mbc/ar_amuletf.mbc, programs=95, functions=106, strings=147, first_ops=1, header=MBL script v4.0; code=21407, data=5624, programs=95, functions=106
2026-06-18 01:59:49 [info] MBC loaded: mbc/ar_amuletu.mbc, programs=95, functions=106, strings=147, first_ops=1, header=MBL script v4.0; code=21407, data=5624, programs=95, functions=106
2026-06-18 01:59:49 [info] MBC loaded: mbc/ar_amulet_refr.mbc, programs=95, functions=106, strings=147, first_ops=1, header=MBL script v4.0; code=21407, data=5624, programs=95, functions=106
2026-06-18 01:59:49 [info] MBC loaded: mbc/ar_armor.mbc, programs=95, functions=106, strings=146, first_ops=1, header=MBL script v4.0; code=21407, data=5624, programs=95, functions=106
2026-06-18 01:59:49 [info] frontend stage: linking script runtime, progress=0.680000
2026-06-18 01:59:52 [info] MBC project linked: modules=366, programs=29529, functions=32946, imports=8505
2026-06-18 01:59:52 [info] MBC runtime links: script_patches=6060, engine_natives=16, unresolved_imports=0
2026-06-18 01:59:52 [info] MBC link patch: al_flower.isInvisible -> mg_corn.isInvisible, rel32=16379
2026-06-18 01:59:52 [info] MBC link patch: al_flower.InitChar -> _char.InitChar, rel32=9389
2026-06-18 01:59:52 [info] MBC link patch: al_flower.InitCharPC -> _char.InitCharPC, rel32=9155
2026-06-18 01:59:52 [info] MBC link patch: al_flower.InitCharOwn -> _char.InitCharOwn, rel32=8904
2026-06-18 01:59:52 [info] MBC link patch: al_flower.Anim -> _char.Anim, rel32=9728
2026-06-18 01:59:52 [info] MBC link patch: al_flower.PlaySnd -> _char.PlaySnd, rel32=10490
2026-06-18 01:59:52 [info] MBC runtime initialized: opcode_table=70, builtin_table=164, native_registry=40
2026-06-18 01:59:52 [info] network endpoint recovered from cfg: 127.0.0.1:25860
2026-06-18 01:59:52 [info] ClientSession stage: endpoint_resolved - 127.0.0.1:25860
2026-06-18 01:59:52 [info] frontend stage: connecting to 127.0.0.1:25860, progress=0.720000
2026-06-18 01:59:52 [info] ClientSession stage: connecting - 127.0.0.1:25860
2026-06-18 01:59:52 [info] ClientSession stage: failed - connect timeout
2026-06-18 01:59:52 [info] frontend stage: waiting for server/menu transition, progress=0.780000
2026-06-18 01:59:52 [info] core-loader finished bootstrap
2026-06-18 01:59:52 [info] ClientSession stage: closed - socket closed
